/*C1*/SET SCHEMA PUBLIC
CONNECT USER SA
INSERT INTO PROJECT VALUES('4592209664985','vending',NULL,NULL,NULL,1)
/*C2*/SET SCHEMA PUBLIC
CONNECT USER SA
DISCONNECT
/*C1*/INSERT INTO PROJECT VALUES('4593247829123','vending',NULL,NULL,NULL,1)
/*C3*/SET SCHEMA PUBLIC
CONNECT USER SA
DISCONNECT
/*C4*/SET SCHEMA PUBLIC
CONNECT USER SA
DISCONNECT
/*C1*/INSERT INTO PROJECT VALUES('4594131650391','vending',NULL,NULL,NULL,1)
/*C5*/SET SCHEMA PUBLIC
CONNECT USER SA
DISCONNECT
/*C1*/DELETE FROM PROJECT WHERE ID='4594131650391'
/*C6*/SET SCHEMA PUBLIC
CONNECT USER SA
DISCONNECT
/*C1*/INSERT INTO PROJECT VALUES('4594965551348','vending',NULL,NULL,NULL,1)
/*C7*/SET SCHEMA PUBLIC
CONNECT USER SA
DISCONNECT
/*C1*/SET AUTOCOMMIT FALSE
DELETE FROM PROJECT WHERE ID='4594965551348'
INSERT INTO PROJECT VALUES('4594965551348','vending','null','null','null',1)
SET AUTOCOMMIT TRUE
/*C8*/SET SCHEMA PUBLIC
CONNECT USER SA
DISCONNECT
/*C1*/INSERT INTO PROJECT VALUES('4595822866244','vending',NULL,NULL,NULL,1)
/*C9*/SET SCHEMA PUBLIC
CONNECT USER SA
DISCONNECT
/*C1*/SET AUTOCOMMIT FALSE
DELETE FROM PROJECT WHERE ID='4595822866244'
INSERT INTO PROJECT VALUES('4595822866244','vending','null','null','Dispenser,TestDriver',1)
SET AUTOCOMMIT TRUE
/*C10*/SET SCHEMA PUBLIC
CONNECT USER SA
DISCONNECT
/*C1*/INSERT INTO PROJECT VALUES('4596774981876','vending',NULL,NULL,NULL,1)
/*C11*/SET SCHEMA PUBLIC
CONNECT USER SA
DISCONNECT
/*C1*/SET AUTOCOMMIT FALSE
DELETE FROM PROJECT WHERE ID='4596774981876'
INSERT INTO PROJECT VALUES('4596774981876','vending','null','*','null',2)
SET AUTOCOMMIT TRUE
/*C12*/SET SCHEMA PUBLIC
CONNECT USER SA
DISCONNECT
/*C1*/INSERT INTO PROJECT VALUES('4600604822400','vending',NULL,NULL,NULL,1)
/*C13*/SET SCHEMA PUBLIC
CONNECT USER SA
DISCONNECT
/*C1*/SET AUTOCOMMIT FALSE
DELETE FROM PROJECT WHERE ID='4600604822400'
INSERT INTO PROJECT VALUES('4600604822400','vending','null','*','null',2)
SET AUTOCOMMIT TRUE
/*C14*/SET SCHEMA PUBLIC
CONNECT USER SA
DISCONNECT
/*C15*/SET SCHEMA PUBLIC
CONNECT USER SA
DISCONNECT
/*C1*/INSERT INTO PROJECT VALUES('4605438739420','vending',NULL,NULL,NULL,1)
/*C16*/SET SCHEMA PUBLIC
CONNECT USER SA
DISCONNECT
/*C1*/SET AUTOCOMMIT FALSE
DELETE FROM PROJECT WHERE ID='4605438739420'
INSERT INTO PROJECT VALUES('4605438739420','vending','null','*','null',2)
SET AUTOCOMMIT TRUE
/*C17*/SET SCHEMA PUBLIC
CONNECT USER SA
DISCONNECT
/*C18*/SET SCHEMA PUBLIC
CONNECT USER SA
DISCONNECT
/*C1*/INSERT INTO PROJECT VALUES('4609809808998','vending',NULL,NULL,NULL,1)
/*C19*/SET SCHEMA PUBLIC
CONNECT USER SA
DISCONNECT
/*C1*/SET AUTOCOMMIT FALSE
DELETE FROM PROJECT WHERE ID='4609809808998'
INSERT INTO PROJECT VALUES('4609809808998','vending','null','*','null',2)
SET AUTOCOMMIT TRUE
/*C20*/SET SCHEMA PUBLIC
CONNECT USER SA
DISCONNECT
/*C1*/SET AUTOCOMMIT FALSE
DELETE FROM PROJECT WHERE ID='4609809808998'
INSERT INTO PROJECT VALUES('4609809808998','vending','vending.DispenserTestCase','*','null',3)
SET AUTOCOMMIT TRUE
/*C21*/SET SCHEMA PUBLIC
CONNECT USER SA
DISCONNECT
/*C1*/INSERT INTO PROJECT VALUES('4612649122653','vending',NULL,NULL,NULL,1)
/*C22*/SET SCHEMA PUBLIC
CONNECT USER SA
DISCONNECT
/*C1*/SET AUTOCOMMIT FALSE
DELETE FROM PROJECT WHERE ID='4612649122653'
INSERT INTO PROJECT VALUES('4612649122653','vending','null','*','null',2)
SET AUTOCOMMIT TRUE
/*C23*/SET SCHEMA PUBLIC
CONNECT USER SA
DISCONNECT
/*C1*/SET AUTOCOMMIT FALSE
DELETE FROM PROJECT WHERE ID='4612649122653'
INSERT INTO PROJECT VALUES('4612649122653','vending','vending.DispenserTestCase','*','null',3)
SET AUTOCOMMIT TRUE
/*C24*/SET SCHEMA PUBLIC
CONNECT USER SA
DISCONNECT
/*C1*/SET AUTOCOMMIT FALSE
DELETE FROM PROJECT WHERE ID='4612649122653'
INSERT INTO PROJECT VALUES('4612649122653','vending','vending.DispenserTestCase','*','null',4)
SET AUTOCOMMIT TRUE
/*C25*/SET SCHEMA PUBLIC
CONNECT USER SA
DISCONNECT
/*C1*/INSERT INTO PROJECT VALUES('4615788292366','vending',NULL,NULL,NULL,1)
/*C26*/SET SCHEMA PUBLIC
CONNECT USER SA
DISCONNECT
/*C1*/SET AUTOCOMMIT FALSE
DELETE FROM PROJECT WHERE ID='4615788292366'
INSERT INTO PROJECT VALUES('4615788292366','vending','null','*','null',2)
SET AUTOCOMMIT TRUE
/*C27*/SET SCHEMA PUBLIC
CONNECT USER SA
DISCONNECT
/*C1*/SET AUTOCOMMIT FALSE
DELETE FROM PROJECT WHERE ID='4615788292366'
INSERT INTO PROJECT VALUES('4615788292366','vending','null','*','null',5)
SET AUTOCOMMIT TRUE
/*C28*/SET SCHEMA PUBLIC
CONNECT USER SA
DISCONNECT
/*C1*/INSERT INTO PROJECT VALUES('4620320770586','vending',NULL,NULL,NULL,1)
/*C29*/SET SCHEMA PUBLIC
CONNECT USER SA
DISCONNECT
/*C1*/SET AUTOCOMMIT FALSE
DELETE FROM PROJECT WHERE ID='4620320770586'
INSERT INTO PROJECT VALUES('4620320770586','vending','null','*','null',2)
SET AUTOCOMMIT TRUE
/*C30*/SET SCHEMA PUBLIC
CONNECT USER SA
DISCONNECT
/*C1*/SET AUTOCOMMIT FALSE
DELETE FROM PROJECT WHERE ID='4620320770586'
INSERT INTO PROJECT VALUES('4620320770586','vending','null','*','null',5)
SET AUTOCOMMIT TRUE
/*C31*/SET SCHEMA PUBLIC
CONNECT USER SA
DISCONNECT
/*C32*/SET SCHEMA PUBLIC
CONNECT USER SA
DISCONNECT
/*C1*/INSERT INTO PROJECT VALUES('4626793761008','vending',NULL,NULL,NULL,1)
/*C33*/SET SCHEMA PUBLIC
CONNECT USER SA
DISCONNECT
/*C1*/SET AUTOCOMMIT FALSE
DELETE FROM PROJECT WHERE ID='4626793761008'
INSERT INTO PROJECT VALUES('4626793761008','vending','null','*','null',2)
SET AUTOCOMMIT TRUE
/*C34*/SET SCHEMA PUBLIC
CONNECT USER SA
DISCONNECT
/*C1*/SET AUTOCOMMIT FALSE
DELETE FROM PROJECT WHERE ID='4626793761008'
INSERT INTO PROJECT VALUES('4626793761008','vending','null','*','null',5)
SET AUTOCOMMIT TRUE
/*C35*/SET SCHEMA PUBLIC
CONNECT USER SA
DISCONNECT
/*C36*/SET SCHEMA PUBLIC
CONNECT USER SA
DISCONNECT
/*C1*/INSERT INTO PROJECT VALUES('4632701720539','vending',NULL,NULL,NULL,1)
/*C37*/SET SCHEMA PUBLIC
CONNECT USER SA
DISCONNECT
/*C1*/SET AUTOCOMMIT FALSE
DELETE FROM PROJECT WHERE ID='4632701720539'
INSERT INTO PROJECT VALUES('4632701720539','vending','null','*','null',2)
SET AUTOCOMMIT TRUE
/*C38*/SET SCHEMA PUBLIC
CONNECT USER SA
DISCONNECT
/*C1*/SET AUTOCOMMIT FALSE
DELETE FROM PROJECT WHERE ID='4632701720539'
INSERT INTO PROJECT VALUES('4632701720539','vending','null','*','null',5)
SET AUTOCOMMIT TRUE
/*C39*/SET SCHEMA PUBLIC
CONNECT USER SA
DISCONNECT
/*C40*/SET SCHEMA PUBLIC
CONNECT USER SA
DISCONNECT
/*C1*/INSERT INTO PROJECT VALUES('4638702875854','vending',NULL,NULL,NULL,1)
/*C41*/SET SCHEMA PUBLIC
CONNECT USER SA
DISCONNECT
/*C1*/SET AUTOCOMMIT FALSE
DELETE FROM PROJECT WHERE ID='4638702875854'
INSERT INTO PROJECT VALUES('4638702875854','vending','null','*','null',2)
SET AUTOCOMMIT TRUE
/*C42*/SET SCHEMA PUBLIC
CONNECT USER SA
DISCONNECT
/*C1*/SET AUTOCOMMIT FALSE
DELETE FROM PROJECT WHERE ID='4638702875854'
INSERT INTO PROJECT VALUES('4638702875854','vending','null','*','null',5)
SET AUTOCOMMIT TRUE
/*C43*/SET SCHEMA PUBLIC
CONNECT USER SA
DISCONNECT
